{
  "uid" : "833865bc78004556",
  "name" : "test_user_can_authorizate",
  "fullName" : "test_main_page.TestLoginFromMainPage#test_user_can_authorizate",
  "historyId" : "50ce6898c6cc4d45feb459f168582b82",
  "time" : {
    "start" : 1601832746233,
    "stop" : 1601832754400,
    "duration" : 8167
  },
  "status" : "failed",
  "statusMessage" : "AssertionError: There is no success register/auth icon on page",
  "statusTrace" : "self = <page_object_model.test_main_page.TestLoginFromMainPage object at 0x04132F58>\nbrowser = <selenium.webdriver.chrome.webdriver.WebDriver (session=\"2f8b33d7a54ce76f390cfab857c85083\")>\n\n    def test_user_can_authorizate(self, browser):\n        page = MainPage(browser)\n        page.open()\n        page.should_be_login_link()\n        page.go_to_login_page()\n        login_page = LoginPage(browser)\n        login_page.should_be_authorization_form()\n        login_page.authorizate_user(LoginPageData.EMAIL_AUTH, LoginPageData.PASSWORD)\n>       login_page.should_be_success_register_or_auth_icon()\n\ntest_main_page.py:62: \n_ _ _ _ _ _ _ _ _ _ _ _ _ _ _ _ _ _ _ _ _ _ _ _ _ _ _ _ _ _ _ _ _ _ _ _ _ _ _ _ _ _ _ _ _ _ _ _ _ _ _ _ _ _ _ _ _ _ _ _ _ _ _ _ _ _ _ _ _ _ _ _ _ _ _ _ \n\nself = <page_object_model.pages.login_page.LoginPage object at 0x04139100>\n\n    def should_be_success_register_or_auth_icon(self):\n>       assert self.is_element_present(*LoginPageLocators.SUCCESS_SIGN_ICON), \\\n            \"There is no success register/auth icon on page\"\nE       AssertionError: There is no success register/auth icon on page\n\npages\\login_page.py:63: AssertionError",
  "flaky" : false,
  "newFailed" : false,
  "beforeStages" : [ {
    "name" : "browser",
    "time" : {
      "start" : 1601832743061,
      "stop" : 1601832746231,
      "duration" : 3170
    },
    "status" : "passed",
    "steps" : [ ],
    "attachments" : [ ],
    "parameters" : [ ],
    "shouldDisplayMessage" : false,
    "attachmentsCount" : 0,
    "stepsCount" : 0,
    "hasContent" : false
  } ],
  "testStage" : {
    "status" : "failed",
    "statusMessage" : "AssertionError: There is no success register/auth icon on page",
    "statusTrace" : "self = <page_object_model.test_main_page.TestLoginFromMainPage object at 0x04132F58>\nbrowser = <selenium.webdriver.chrome.webdriver.WebDriver (session=\"2f8b33d7a54ce76f390cfab857c85083\")>\n\n    def test_user_can_authorizate(self, browser):\n        page = MainPage(browser)\n        page.open()\n        page.should_be_login_link()\n        page.go_to_login_page()\n        login_page = LoginPage(browser)\n        login_page.should_be_authorization_form()\n        login_page.authorizate_user(LoginPageData.EMAIL_AUTH, LoginPageData.PASSWORD)\n>       login_page.should_be_success_register_or_auth_icon()\n\ntest_main_page.py:62: \n_ _ _ _ _ _ _ _ _ _ _ _ _ _ _ _ _ _ _ _ _ _ _ _ _ _ _ _ _ _ _ _ _ _ _ _ _ _ _ _ _ _ _ _ _ _ _ _ _ _ _ _ _ _ _ _ _ _ _ _ _ _ _ _ _ _ _ _ _ _ _ _ _ _ _ _ \n\nself = <page_object_model.pages.login_page.LoginPage object at 0x04139100>\n\n    def should_be_success_register_or_auth_icon(self):\n>       assert self.is_element_present(*LoginPageLocators.SUCCESS_SIGN_ICON), \\\n            \"There is no success register/auth icon on page\"\nE       AssertionError: There is no success register/auth icon on page\n\npages\\login_page.py:63: AssertionError",
    "steps" : [ ],
    "attachments" : [ {
      "uid" : "6e76b10486533caa",
      "name" : "stdout",
      "source" : "6e76b10486533caa.txt",
      "type" : "text/plain",
      "size" : 50
    } ],
    "parameters" : [ ],
    "shouldDisplayMessage" : true,
    "attachmentsCount" : 1,
    "stepsCount" : 0,
    "hasContent" : true
  },
  "afterStages" : [ {
    "name" : "browser::0",
    "time" : {
      "start" : 1601832754552,
      "stop" : 1601832757765,
      "duration" : 3213
    },
    "status" : "passed",
    "steps" : [ ],
    "attachments" : [ ],
    "parameters" : [ ],
    "shouldDisplayMessage" : false,
    "attachmentsCount" : 0,
    "stepsCount" : 0,
    "hasContent" : false
  } ],
  "labels" : [ {
    "name" : "tag",
    "value" : "login_guest"
  }, {
    "name" : "suite",
    "value" : "test_main_page"
  }, {
    "name" : "subSuite",
    "value" : "TestLoginFromMainPage"
  }, {
    "name" : "host",
    "value" : "LAPTOP-HNTU4GQT"
  }, {
    "name" : "thread",
    "value" : "16968-MainThread"
  }, {
    "name" : "framework",
    "value" : "pytest"
  }, {
    "name" : "language",
    "value" : "cpython3"
  }, {
    "name" : "package",
    "value" : "test_main_page"
  }, {
    "name" : "resultFormat",
    "value" : "allure2"
  } ],
  "parameters" : [ ],
  "links" : [ ],
  "hidden" : false,
  "retry" : false,
  "extra" : {
    "severity" : "normal",
    "retries" : [ {
      "uid" : "b4ad28d1115cfb63",
      "status" : "broken",
      "statusDetails" : "AttributeError: 'NoneType' object has no attribute 'get'",
      "time" : {
        "start" : 1601832664918,
        "stop" : 1601832664918,
        "duration" : 0
      }
    } ],
    "categories" : [ {
      "name" : "Product defects",
      "matchedStatuses" : [ ],
      "flaky" : false
    } ],
    "tags" : [ "login_guest" ]
  },
  "source" : "833865bc78004556.json",
  "parameterValues" : [ ]
}