{
  "uid" : "92197e85990d49",
  "name" : "test_user_cant_see_success_message_after_adding_product_to_basket",
  "fullName" : "test_product_page.TestUserAddToBasketFromProductPage#test_user_cant_see_success_message_after_adding_product_to_basket",
  "historyId" : "d9f806dd47cfef4ee648af5ada75ea9a",
  "time" : {
    "start" : 1601465121399,
    "stop" : 1601465123948,
    "duration" : 2549
  },
  "status" : "skipped",
  "statusMessage" : "AssertionError",
  "statusTrace" : "self = <page_object_model.test_product_page.TestUserAddToBasketFromProductPage object at 0x04099790>\nbrowser = <selenium.webdriver.chrome.webdriver.WebDriver (session=\"bc4ddc39fcee036d45bdfbd294f73e01\")>\n\n    @pytest.mark.xfail\n    def test_user_cant_see_success_message_after_adding_product_to_basket(self, browser):\n        page = ProductPage(browser)\n        page.open()\n        page.add_product_to_cart()\n>       page.should_be_no_success_message()\n\ntest_product_page.py:46: \n_ _ _ _ _ _ _ _ _ _ _ _ _ _ _ _ _ _ _ _ _ _ _ _ _ _ _ _ _ _ _ _ _ _ _ _ _ _ _ _ _ _ _ _ _ _ _ _ _ _ _ _ _ _ _ _ _ _ _ _ _ _ _ _ _ _ _ _ _ _ _ _ _ _ _ _\n\nself = <page_object_model.pages.product_page.ProductPage object at 0x03FABF10>\n\n    def should_be_no_success_message(self):\n>       assert self.is_not_element_present(*ProductPageLocators.SUCCESS_MESSAGE)\nE       AssertionError\n\npages\\product_page.py:34: AssertionError",
  "flaky" : false,
  "newFailed" : false,
  "beforeStages" : [ {
    "name" : "browser",
    "time" : {
      "start" : 1601465118241,
      "stop" : 1601465121398,
      "duration" : 3157
    },
    "status" : "passed",
    "steps" : [ ],
    "attachments" : [ ],
    "parameters" : [ ],
    "shouldDisplayMessage" : false,
    "attachmentsCount" : 0,
    "stepsCount" : 0,
    "hasContent" : false
  } ],
  "afterStages" : [ {
    "name" : "browser::0",
    "time" : {
      "start" : 1601465123956,
      "stop" : 1601465126145,
      "duration" : 2189
    },
    "status" : "passed",
    "steps" : [ ],
    "attachments" : [ ],
    "parameters" : [ ],
    "shouldDisplayMessage" : false,
    "attachmentsCount" : 0,
    "stepsCount" : 0,
    "hasContent" : false
  } ],
  "labels" : [ {
    "name" : "tag",
    "value" : "@pytest.mark.xfail"
  }, {
    "name" : "suite",
    "value" : "test_product_page"
  }, {
    "name" : "subSuite",
    "value" : "TestUserAddToBasketFromProductPage"
  }, {
    "name" : "host",
    "value" : "LAPTOP-HNTU4GQT"
  }, {
    "name" : "thread",
    "value" : "16264-MainThread"
  }, {
    "name" : "framework",
    "value" : "pytest"
  }, {
    "name" : "language",
    "value" : "cpython3"
  }, {
    "name" : "package",
    "value" : "test_product_page"
  }, {
    "name" : "resultFormat",
    "value" : "allure2"
  } ],
  "parameters" : [ ],
  "links" : [ ],
  "hidden" : false,
  "retry" : false,
  "extra" : {
    "severity" : "normal",
    "retries" : [ ],
    "categories" : [ ],
    "tags" : [ "@pytest.mark.xfail" ]
  },
  "source" : "92197e85990d49.json",
  "parameterValues" : [ ]
}